# Logfile created on 2015-04-01 20:14:09 -0400 by logger.rb/41954
I, [2015-04-01T20:14:09.923390 #10604]  INFO -- : 0:  rake (10.3.2) from /Users/annaftaberski/.rvm/gems/ruby-2.0.0-p353/specifications/rake-10.3.2.gemspec
I, [2015-04-01T20:14:09.923820 #10604]  INFO -- : 0:  i18n (0.6.9) from /Users/annaftaberski/.rvm/gems/ruby-2.0.0-p353/specifications/i18n-0.6.9.gemspec
I, [2015-04-01T20:14:09.924169 #10604]  INFO -- : 0:  json (1.8.1) from /Users/annaftaberski/.rvm/gems/ruby-2.0.0-p353/specifications/json-1.8.1.gemspec
I, [2015-04-01T20:14:09.924525 #10604]  INFO -- : 0:  minitest (5.3.4) from /Users/annaftaberski/.rvm/gems/ruby-2.0.0-p353/specifications/minitest-5.3.4.gemspec
I, [2015-04-01T20:14:09.924874 #10604]  INFO -- : 0:  thread_safe (0.3.4) from /Users/annaftaberski/.rvm/gems/ruby-2.0.0-p353/specifications/thread_safe-0.3.4.gemspec
I, [2015-04-01T20:14:09.925195 #10604]  INFO -- : 0:  tzinfo (1.2.0) from /Users/annaftaberski/.rvm/gems/ruby-2.0.0-p353/specifications/tzinfo-1.2.0.gemspec
I, [2015-04-01T20:14:09.925723 #10604]  INFO -- : 0:  activesupport (4.1.1) from /Users/annaftaberski/.rvm/gems/ruby-2.0.0-p353/specifications/activesupport-4.1.1.gemspec
I, [2015-04-01T20:14:09.926144 #10604]  INFO -- : 0:  builder (3.2.2) from /Users/annaftaberski/.rvm/gems/ruby-2.0.0-p353/specifications/builder-3.2.2.gemspec
I, [2015-04-01T20:14:09.926535 #10604]  INFO -- : 0:  activemodel (4.1.1) from /Users/annaftaberski/.rvm/gems/ruby-2.0.0-p353/specifications/activemodel-4.1.1.gemspec
I, [2015-04-01T20:14:09.926932 #10604]  INFO -- : 0:  arel (5.0.1.20140414130214) from /Users/annaftaberski/.rvm/gems/ruby-2.0.0-p353/specifications/arel-5.0.1.20140414130214.gemspec
I, [2015-04-01T20:14:09.927353 #10604]  INFO -- : 0:  activerecord (4.1.1) from /Users/annaftaberski/.rvm/gems/ruby-2.0.0-p353/specifications/activerecord-4.1.1.gemspec
I, [2015-04-01T20:14:09.927727 #10604]  INFO -- : 0:  backports (3.6.0) from /Users/annaftaberski/.rvm/gems/ruby-2.0.0-p353/specifications/backports-3.6.0.gemspec
I, [2015-04-01T20:14:09.928153 #10604]  INFO -- : 0:  bcrypt (3.1.7) from /Users/annaftaberski/.rvm/gems/ruby-2.0.0-p353/specifications/bcrypt-3.1.7.gemspec
I, [2015-04-01T20:14:09.928531 #10604]  INFO -- : 0:  bcrypt-ruby (3.1.5) from /Users/annaftaberski/.rvm/gems/ruby-2.0.0-p353/specifications/bcrypt-ruby-3.1.5.gemspec
I, [2015-04-01T20:14:09.928931 #10604]  INFO -- : 0:  mime-types (2.3) from /Users/annaftaberski/.rvm/gems/ruby-2.0.0-p353/specifications/mime-types-2.3.gemspec
I, [2015-04-01T20:14:09.929339 #10604]  INFO -- : 0:  mini_portile (0.6.0) from /Users/annaftaberski/.rvm/gems/ruby-2.0.0-p353/specifications/mini_portile-0.6.0.gemspec
I, [2015-04-01T20:14:09.929716 #10604]  INFO -- : 0:  nokogiri (1.6.2.1) from /Users/annaftaberski/.rvm/gems/ruby-2.0.0-p353/specifications/nokogiri-1.6.2.1.gemspec
I, [2015-04-01T20:14:09.930063 #10604]  INFO -- : 0:  rack (1.5.2) from /Users/annaftaberski/.rvm/gems/ruby-2.0.0-p353/specifications/rack-1.5.2.gemspec
I, [2015-04-01T20:14:09.930416 #10604]  INFO -- : 0:  rack-test (0.6.2) from /Users/annaftaberski/.rvm/gems/ruby-2.0.0-p353/specifications/rack-test-0.6.2.gemspec
I, [2015-04-01T20:14:09.930781 #10604]  INFO -- : 0:  xpath (2.0.0) from /Users/annaftaberski/.rvm/gems/ruby-2.0.0-p353/specifications/xpath-2.0.0.gemspec
I, [2015-04-01T20:14:09.931134 #10604]  INFO -- : 0:  capybara (2.2.1) from /Users/annaftaberski/.rvm/gems/ruby-2.0.0-p353/specifications/capybara-2.2.1.gemspec
I, [2015-04-01T20:14:09.931489 #10604]  INFO -- : 0:  diff-lcs (1.2.5) from /Users/annaftaberski/.rvm/gems/ruby-2.0.0-p353/specifications/diff-lcs-1.2.5.gemspec
I, [2015-04-01T20:14:09.931779 #10604]  INFO -- : 0:  factory_girl (4.4.0) from /Users/annaftaberski/.rvm/gems/ruby-2.0.0-p353/specifications/factory_girl-4.4.0.gemspec
I, [2015-04-01T20:14:09.932066 #10604]  INFO -- : 0:  faker (1.3.0) from /Users/annaftaberski/.rvm/gems/ruby-2.0.0-p353/specifications/faker-1.3.0.gemspec
I, [2015-04-01T20:14:09.932370 #10604]  INFO -- : 0:  multi_json (1.10.1) from /Users/annaftaberski/.rvm/gems/ruby-2.0.0-p353/specifications/multi_json-1.10.1.gemspec
I, [2015-04-01T20:14:09.932677 #10604]  INFO -- : 0:  pg (0.17.1) from /Users/annaftaberski/.rvm/gems/ruby-2.0.0-p353/specifications/pg-0.17.1.gemspec
I, [2015-04-01T20:14:09.932957 #10604]  INFO -- : 0:  rack-protection (1.5.3) from /Users/annaftaberski/.rvm/gems/ruby-2.0.0-p353/specifications/rack-protection-1.5.3.gemspec
I, [2015-04-01T20:14:09.933244 #10604]  INFO -- : 0:  rspec-core (2.14.8) from /Users/annaftaberski/.rvm/gems/ruby-2.0.0-p353/specifications/rspec-core-2.14.8.gemspec
I, [2015-04-01T20:14:09.933552 #10604]  INFO -- : 0:  rspec-expectations (2.14.5) from /Users/annaftaberski/.rvm/gems/ruby-2.0.0-p353/specifications/rspec-expectations-2.14.5.gemspec
I, [2015-04-01T20:14:09.934056 #10604]  INFO -- : 0:  rspec-mocks (2.14.6) from /Users/annaftaberski/.rvm/gems/ruby-2.0.0-p353/specifications/rspec-mocks-2.14.6.gemspec
I, [2015-04-01T20:14:09.934573 #10604]  INFO -- : 0:  rspec (2.14.1) from /Users/annaftaberski/.rvm/gems/ruby-2.0.0-p353/specifications/rspec-2.14.1.gemspec
I, [2015-04-01T20:14:09.935029 #10604]  INFO -- : 0:  shotgun (0.9) from /Users/annaftaberski/.rvm/gems/ruby-2.0.0-p353/specifications/shotgun-0.9.gemspec
I, [2015-04-01T20:14:09.935440 #10604]  INFO -- : 0:  shoulda-matchers (2.6.1) from /Users/annaftaberski/.rvm/gems/ruby-2.0.0-p353/specifications/shoulda-matchers-2.6.1.gemspec
I, [2015-04-01T20:14:09.935769 #10604]  INFO -- : 0:  tilt (1.4.1) from /Users/annaftaberski/.rvm/gems/ruby-2.0.0-p353/specifications/tilt-1.4.1.gemspec
I, [2015-04-01T20:14:09.936133 #10604]  INFO -- : 0:  sinatra (1.4.5) from /Users/annaftaberski/.rvm/gems/ruby-2.0.0-p353/specifications/sinatra-1.4.5.gemspec
I, [2015-04-01T20:14:09.936469 #10604]  INFO -- : 0:  sinatra-contrib (1.4.2) from /Users/annaftaberski/.rvm/gems/ruby-2.0.0-p353/specifications/sinatra-contrib-1.4.2.gemspec
I, [2015-04-01T20:14:09.936933 #10604]  INFO -- : 0:  bundler (1.5.1) from /Users/annaftaberski/.rvm/gems/ruby-2.0.0-p353@global/specifications/bundler-1.5.1.gemspec
